This is pdfTeX, Version 3.14159265-2.6-1.40.16 (MiKTeX 2.9) (preloaded format=pdflatex 2016.4.29)  18 MAY 2017 18:51
entering extended mode
**./Thesis_draft.tex
(Thesis_draft.tex
LaTeX2e <2015/10/01> patch level 2
Babel <3.9n> and hyphenation patterns for 69 languages loaded.
("C:\Program Files (x86)\MiKTeX 2.9\tex\latex\base\article.cls"
Document Class: article 2014/09/29 v1.4h Standard LaTeX document class
("C:\Program Files (x86)\MiKTeX 2.9\tex\latex\base\size12.clo"
File: size12.clo 2014/09/29 v1.4h Standard LaTeX file (size option)
)
\c@part=\count79
\c@section=\count80
\c@subsection=\count81
\c@subsubsection=\count82
\c@paragraph=\count83
\c@subparagraph=\count84
\c@figure=\count85
\c@table=\count86
\abovecaptionskip=\skip41
\belowcaptionskip=\skip42
\bibindent=\dimen102
)
("C:\Program Files (x86)\MiKTeX 2.9\tex\latex\base\inputenc.sty"
Package: inputenc 2015/03/17 v1.2c Input encoding file
\inpenc@prehook=\toks14
\inpenc@posthook=\toks15

("C:\Program Files (x86)\MiKTeX 2.9\tex\latex\base\utf8.def"
File: utf8.def 2015/09/07 v1.1p UTF-8 support for inputenc
Now handling font encoding OML ...
... no UTF-8 mapping file for font encoding OML
Now handling font encoding T1 ...
... processing UTF-8 mapping file for font encoding T1

("C:\Program Files (x86)\MiKTeX 2.9\tex\latex\base\t1enc.dfu"
File: t1enc.dfu 2015/09/07 v1.1p UTF-8 support for inputenc
   defining Unicode char U+00A0 (decimal 160)
   defining Unicode char U+00A1 (decimal 161)
   defining Unicode char U+00A3 (decimal 163)
   defining Unicode char U+00AB (decimal 171)
   defining Unicode char U+00AD (decimal 173)
   defining Unicode char U+00BB (decimal 187)
   defining Unicode char U+00BF (decimal 191)
   defining Unicode char U+00C0 (decimal 192)
   defining Unicode char U+00C1 (decimal 193)
   defining Unicode char U+00C2 (decimal 194)
   defining Unicode char U+00C3 (decimal 195)
   defining Unicode char U+00C4 (decimal 196)
   defining Unicode char U+00C5 (decimal 197)
   defining Unicode char U+00C6 (decimal 198)
   defining Unicode char U+00C7 (decimal 199)
   defining Unicode char U+00C8 (decimal 200)
   defining Unicode char U+00C9 (decimal 201)
   defining Unicode char U+00CA (decimal 202)
   defining Unicode char U+00CB (decimal 203)
   defining Unicode char U+00CC (decimal 204)
   defining Unicode char U+00CD (decimal 205)
   defining Unicode char U+00CE (decimal 206)
   defining Unicode char U+00CF (decimal 207)
   defining Unicode char U+00D0 (decimal 208)
   defining Unicode char U+00D1 (decimal 209)
   defining Unicode char U+00D2 (decimal 210)
   defining Unicode char U+00D3 (decimal 211)
   defining Unicode char U+00D4 (decimal 212)
   defining Unicode char U+00D5 (decimal 213)
   defining Unicode char U+00D6 (decimal 214)
   defining Unicode char U+00D8 (decimal 216)
   defining Unicode char U+00D9 (decimal 217)
   defining Unicode char U+00DA (decimal 218)
   defining Unicode char U+00DB (decimal 219)
   defining Unicode char U+00DC (decimal 220)
   defining Unicode char U+00DD (decimal 221)
   defining Unicode char U+00DE (decimal 222)
   defining Unicode char U+00DF (decimal 223)
   defining Unicode char U+00E0 (decimal 224)
   defining Unicode char U+00E1 (decimal 225)
   defining Unicode char U+00E2 (decimal 226)
   defining Unicode char U+00E3 (decimal 227)
   defining Unicode char U+00E4 (decimal 228)
   defining Unicode char U+00E5 (decimal 229)
   defining Unicode char U+00E6 (decimal 230)
   defining Unicode char U+00E7 (decimal 231)
   defining Unicode char U+00E8 (decimal 232)
   defining Unicode char U+00E9 (decimal 233)
   defining Unicode char U+00EA (decimal 234)
   defining Unicode char U+00EB (decimal 235)
   defining Unicode char U+00EC (decimal 236)
   defining Unicode char U+00ED (decimal 237)
   defining Unicode char U+00EE (decimal 238)
   defining Unicode char U+00EF (decimal 239)
   defining Unicode char U+00F0 (decimal 240)
   defining Unicode char U+00F1 (decimal 241)
   defining Unicode char U+00F2 (decimal 242)
   defining Unicode char U+00F3 (decimal 243)
   defining Unicode char U+00F4 (decimal 244)
   defining Unicode char U+00F5 (decimal 245)
   defining Unicode char U+00F6 (decimal 246)
   defining Unicode char U+00F8 (decimal 248)
   defining Unicode char U+00F9 (decimal 249)
   defining Unicode char U+00FA (decimal 250)
   defining Unicode char U+00FB (decimal 251)
   defining Unicode char U+00FC (decimal 252)
   defining Unicode char U+00FD (decimal 253)
   defining Unicode char U+00FE (decimal 254)
   defining Unicode char U+00FF (decimal 255)
   defining Unicode char U+0102 (decimal 258)
   defining Unicode char U+0103 (decimal 259)
   defining Unicode char U+0104 (decimal 260)
   defining Unicode char U+0105 (decimal 261)
   defining Unicode char U+0106 (decimal 262)
   defining Unicode char U+0107 (decimal 263)
   defining Unicode char U+010C (decimal 268)
   defining Unicode char U+010D (decimal 269)
   defining Unicode char U+010E (decimal 270)
   defining Unicode char U+010F (decimal 271)
   defining Unicode char U+0110 (decimal 272)
   defining Unicode char U+0111 (decimal 273)
   defining Unicode char U+0118 (decimal 280)
   defining Unicode char U+0119 (decimal 281)
   defining Unicode char U+011A (decimal 282)
   defining Unicode char U+011B (decimal 283)
   defining Unicode char U+011E (decimal 286)
   defining Unicode char U+011F (decimal 287)
   defining Unicode char U+0130 (decimal 304)
   defining Unicode char U+0131 (decimal 305)
   defining Unicode char U+0132 (decimal 306)
   defining Unicode char U+0133 (decimal 307)
   defining Unicode char U+0139 (decimal 313)
   defining Unicode char U+013A (decimal 314)
   defining Unicode char U+013D (decimal 317)
   defining Unicode char U+013E (decimal 318)
   defining Unicode char U+0141 (decimal 321)
   defining Unicode char U+0142 (decimal 322)
   defining Unicode char U+0143 (decimal 323)
   defining Unicode char U+0144 (decimal 324)
   defining Unicode char U+0147 (decimal 327)
   defining Unicode char U+0148 (decimal 328)
   defining Unicode char U+014A (decimal 330)
   defining Unicode char U+014B (decimal 331)
   defining Unicode char U+0150 (decimal 336)
   defining Unicode char U+0151 (decimal 337)
   defining Unicode char U+0152 (decimal 338)
   defining Unicode char U+0153 (decimal 339)
   defining Unicode char U+0154 (decimal 340)
   defining Unicode char U+0155 (decimal 341)
   defining Unicode char U+0158 (decimal 344)
   defining Unicode char U+0159 (decimal 345)
   defining Unicode char U+015A (decimal 346)
   defining Unicode char U+015B (decimal 347)
   defining Unicode char U+015E (decimal 350)
   defining Unicode char U+015F (decimal 351)
   defining Unicode char U+0160 (decimal 352)
   defining Unicode char U+0161 (decimal 353)
   defining Unicode char U+0162 (decimal 354)
   defining Unicode char U+0163 (decimal 355)
   defining Unicode char U+0164 (decimal 356)
   defining Unicode char U+0165 (decimal 357)
   defining Unicode char U+016E (decimal 366)
   defining Unicode char U+016F (decimal 367)
   defining Unicode char U+0170 (decimal 368)
   defining Unicode char U+0171 (decimal 369)
   defining Unicode char U+0174 (decimal 372)
   defining Unicode char U+0175 (decimal 373)
   defining Unicode char U+0176 (decimal 374)
   defining Unicode char U+0177 (decimal 375)
   defining Unicode char U+0178 (decimal 376)
   defining Unicode char U+0179 (decimal 377)
   defining Unicode char U+017A (decimal 378)
   defining Unicode char U+017B (decimal 379)
   defining Unicode char U+017C (decimal 380)
   defining Unicode char U+017D (decimal 381)
   defining Unicode char U+017E (decimal 382)
   defining Unicode char U+0218 (decimal 536)
   defining Unicode char U+0219 (decimal 537)
   defining Unicode char U+021A (decimal 538)
   defining Unicode char U+021B (decimal 539)
   defining Unicode char U+200C (decimal 8204)
   defining Unicode char U+2013 (decimal 8211)
   defining Unicode char U+2014 (decimal 8212)
   defining Unicode char U+2018 (decimal 8216)
   defining Unicode char U+2019 (decimal 8217)
   defining Unicode char U+201A (decimal 8218)
   defining Unicode char U+201C (decimal 8220)
   defining Unicode char U+201D (decimal 8221)
   defining Unicode char U+201E (decimal 8222)
   defining Unicode char U+2030 (decimal 8240)
   defining Unicode char U+2031 (decimal 8241)
   defining Unicode char U+2039 (decimal 8249)
   defining Unicode char U+203A (decimal 8250)
   defining Unicode char U+2423 (decimal 9251)
)
Now handling font encoding OT1 ...
... processing UTF-8 mapping file for font encoding OT1

("C:\Program Files (x86)\MiKTeX 2.9\tex\latex\base\ot1enc.dfu"
File: ot1enc.dfu 2015/09/07 v1.1p UTF-8 support for inputenc
   defining Unicode char U+00A0 (decimal 160)
   defining Unicode char U+00A1 (decimal 161)
   defining Unicode char U+00A3 (decimal 163)
   defining Unicode char U+00AD (decimal 173)
   defining Unicode char U+00B8 (decimal 184)
   defining Unicode char U+00BF (decimal 191)
   defining Unicode char U+00C5 (decimal 197)
   defining Unicode char U+00C6 (decimal 198)
   defining Unicode char U+00D8 (decimal 216)
   defining Unicode char U+00DF (decimal 223)
   defining Unicode char U+00E6 (decimal 230)
   defining Unicode char U+00EC (decimal 236)
   defining Unicode char U+00ED (decimal 237)
   defining Unicode char U+00EE (decimal 238)
   defining Unicode char U+00EF (decimal 239)
   defining Unicode char U+00F8 (decimal 248)
   defining Unicode char U+0131 (decimal 305)
   defining Unicode char U+0141 (decimal 321)
   defining Unicode char U+0142 (decimal 322)
   defining Unicode char U+0152 (decimal 338)
   defining Unicode char U+0153 (decimal 339)
   defining Unicode char U+0174 (decimal 372)
   defining Unicode char U+0175 (decimal 373)
   defining Unicode char U+0176 (decimal 374)
   defining Unicode char U+0177 (decimal 375)
   defining Unicode char U+0218 (decimal 536)
   defining Unicode char U+0219 (decimal 537)
   defining Unicode char U+021A (decimal 538)
   defining Unicode char U+021B (decimal 539)
   defining Unicode char U+2013 (decimal 8211)
   defining Unicode char U+2014 (decimal 8212)
   defining Unicode char U+2018 (decimal 8216)
   defining Unicode char U+2019 (decimal 8217)
   defining Unicode char U+201C (decimal 8220)
   defining Unicode char U+201D (decimal 8221)
)
Now handling font encoding OMS ...
... processing UTF-8 mapping file for font encoding OMS

("C:\Program Files (x86)\MiKTeX 2.9\tex\latex\base\omsenc.dfu"
File: omsenc.dfu 2015/09/07 v1.1p UTF-8 support for inputenc
   defining Unicode char U+00A7 (decimal 167)
   defining Unicode char U+00B6 (decimal 182)
   defining Unicode char U+00B7 (decimal 183)
   defining Unicode char U+2020 (decimal 8224)
   defining Unicode char U+2021 (decimal 8225)
   defining Unicode char U+2022 (decimal 8226)
)
Now handling font encoding OMX ...
... no UTF-8 mapping file for font encoding OMX
Now handling font encoding U ...
... no UTF-8 mapping file for font encoding U
   defining Unicode char U+00A9 (decimal 169)
   defining Unicode char U+00AA (decimal 170)
   defining Unicode char U+00AE (decimal 174)
   defining Unicode char U+00BA (decimal 186)
   defining Unicode char U+02C6 (decimal 710)
   defining Unicode char U+02DC (decimal 732)
   defining Unicode char U+200C (decimal 8204)
   defining Unicode char U+2026 (decimal 8230)
   defining Unicode char U+2122 (decimal 8482)
   defining Unicode char U+2423 (decimal 9251)
))
("C:\Program Files (x86)\MiKTeX 2.9\tex\latex\amsmath\amsmath.sty"
Package: amsmath 2013/01/14 v2.14 AMS math features
\@mathmargin=\skip43

For additional information on amsmath, use the `?' option.
("C:\Program Files (x86)\MiKTeX 2.9\tex\latex\amsmath\amstext.sty"
Package: amstext 2000/06/29 v2.01

("C:\Program Files (x86)\MiKTeX 2.9\tex\latex\amsmath\amsgen.sty"
File: amsgen.sty 1999/11/30 v2.0
\@emptytoks=\toks16
\ex@=\dimen103
))
("C:\Program Files (x86)\MiKTeX 2.9\tex\latex\amsmath\amsbsy.sty"
Package: amsbsy 1999/11/29 v1.2d
\pmbraise@=\dimen104
)
("C:\Program Files (x86)\MiKTeX 2.9\tex\latex\amsmath\amsopn.sty"
Package: amsopn 1999/12/14 v2.01 operator names
)
\inf@bad=\count87
LaTeX Info: Redefining \frac on input line 210.
\uproot@=\count88
\leftroot@=\count89
LaTeX Info: Redefining \overline on input line 306.
\classnum@=\count90
\DOTSCASE@=\count91
LaTeX Info: Redefining \ldots on input line 378.
LaTeX Info: Redefining \dots on input line 381.
LaTeX Info: Redefining \cdots on input line 466.
\Mathstrutbox@=\box26
\strutbox@=\box27
\big@size=\dimen105
LaTeX Font Info:    Redeclaring font encoding OML on input line 566.
LaTeX Font Info:    Redeclaring font encoding OMS on input line 567.
\macc@depth=\count92
\c@MaxMatrixCols=\count93
\dotsspace@=\muskip10
\c@parentequation=\count94
\dspbrk@lvl=\count95
\tag@help=\toks17
\row@=\count96
\column@=\count97
\maxfields@=\count98
\andhelp@=\toks18
\eqnshift@=\dimen106
\alignsep@=\dimen107
\tagshift@=\dimen108
\tagwidth@=\dimen109
\totwidth@=\dimen110
\lineht@=\dimen111
\@envbody=\toks19
\multlinegap=\skip44
\multlinetaggap=\skip45
\mathdisplay@stack=\toks20
LaTeX Info: Redefining \[ on input line 2665.
LaTeX Info: Redefining \] on input line 2666.
)
("C:\Program Files (x86)\MiKTeX 2.9\tex\latex\esint\esint.sty"
Package: esint 
\symlargesymbolsA=\mathgroup4
)
("C:\Program Files (x86)\MiKTeX 2.9\tex\latex\amsfonts\amsfonts.sty"
Package: amsfonts 2013/01/14 v3.01 Basic AMSFonts support
\symAMSa=\mathgroup5
\symAMSb=\mathgroup6
LaTeX Font Info:    Overwriting math alphabet `\mathfrak' in version `bold'
(Font)                  U/euf/m/n --> U/euf/b/n on input line 106.
)
("C:\Program Files (x86)\MiKTeX 2.9\tex\latex\amsfonts\amssymb.sty"
Package: amssymb 2013/01/14 v3.01 AMS font symbols
)
("C:\Program Files (x86)\MiKTeX 2.9\tex\latex\geometry\geometry.sty"
Package: geometry 2010/09/12 v5.6 Page Geometry

("C:\Program Files (x86)\MiKTeX 2.9\tex\latex\graphics\keyval.sty"
Package: keyval 2014/10/28 v1.15 key=value parser (DPC)
\KV@toks@=\toks21
)
("C:\Program Files (x86)\MiKTeX 2.9\tex\generic\oberdiek\ifpdf.sty"
Package: ifpdf 2011/01/30 v2.3 Provides the ifpdf switch (HO)
Package ifpdf Info: pdfTeX in PDF mode is detected.
)
("C:\Program Files (x86)\MiKTeX 2.9\tex\generic\oberdiek\ifvtex.sty"
Package: ifvtex 2010/03/01 v1.5 Detect VTeX and its facilities (HO)
Package ifvtex Info: VTeX not detected.
)
("C:\Program Files (x86)\MiKTeX 2.9\tex\generic\ifxetex\ifxetex.sty"
Package: ifxetex 2010/09/12 v0.6 Provides ifxetex conditional
)
\Gm@cnth=\count99
\Gm@cntv=\count100
\c@Gm@tempcnt=\count101
\Gm@bindingoffset=\dimen112
\Gm@wd@mp=\dimen113
\Gm@odd@mp=\dimen114
\Gm@even@mp=\dimen115
\Gm@layoutwidth=\dimen116
\Gm@layoutheight=\dimen117
\Gm@layouthoffset=\dimen118
\Gm@layoutvoffset=\dimen119
\Gm@dimlist=\toks22

("C:\Program Files (x86)\MiKTeX 2.9\tex\latex\geometry\geometry.cfg"))
("C:\Program Files (x86)\MiKTeX 2.9\tex\latex\setspace\setspace.sty"
Package: setspace 2011/12/19 v6.7a set line spacing
)
("C:\Program Files (x86)\MiKTeX 2.9\tex\latex\graphics\graphicx.sty"
Package: graphicx 2014/10/28 v1.0g Enhanced LaTeX Graphics (DPC,SPQR)

("C:\Program Files (x86)\MiKTeX 2.9\tex\latex\graphics\graphics.sty"
Package: graphics 2014/10/28 v1.0p Standard LaTeX Graphics (DPC,SPQR)

("C:\Program Files (x86)\MiKTeX 2.9\tex\latex\graphics\trig.sty"
Package: trig 1999/03/16 v1.09 sin cos tan (DPC)
)
("C:\Program Files (x86)\MiKTeX 2.9\tex\latex\00miktex\graphics.cfg"
File: graphics.cfg 2007/01/18 v1.5 graphics configuration of teTeX/TeXLive
)
Package graphics Info: Driver file: pdftex.def on input line 94.

("C:\Program Files (x86)\MiKTeX 2.9\tex\latex\pdftex-def\pdftex.def"
File: pdftex.def 2011/05/27 v0.06d Graphics/color for pdfTeX

("C:\Program Files (x86)\MiKTeX 2.9\tex\generic\oberdiek\infwarerr.sty"
Package: infwarerr 2010/04/08 v1.3 Providing info/warning/error messages (HO)
)
("C:\Program Files (x86)\MiKTeX 2.9\tex\generic\oberdiek\ltxcmds.sty"
Package: ltxcmds 2011/11/09 v1.22 LaTeX kernel commands for general use (HO)
)
\Gread@gobject=\count102
))
\Gin@req@height=\dimen120
\Gin@req@width=\dimen121
)
("C:\Program Files (x86)\MiKTeX 2.9\tex\latex\float\float.sty"
Package: float 2001/11/08 v1.3d Float enhancements (AL)
\c@float@type=\count103
\float@exts=\toks23
\float@box=\box28
\@float@everytoks=\toks24
\@floatcapt=\box29
)
("C:\Program Files (x86)\MiKTeX 2.9\tex\latex\wrapfig\wrapfig.sty"
\wrapoverhang=\dimen122
\WF@size=\dimen123
\c@WF@wrappedlines=\count104
\WF@box=\box30
\WF@everypar=\toks25
Package: wrapfig 2003/01/31  v 3.6
)
("C:\Program Files (x86)\MiKTeX 2.9\tex\latex\caption\caption.sty"
Package: caption 2016/02/21 v3.3-144 Customizing captions (AR)

("C:\Program Files (x86)\MiKTeX 2.9\tex\latex\caption\caption3.sty"
Package: caption3 2016/05/22 v1.7-166 caption3 kernel (AR)
Package caption3 Info: TeX engine: e-TeX on input line 67.
\captionmargin=\dimen124
\captionmargin@=\dimen125
\captionwidth=\dimen126
\caption@tempdima=\dimen127
\caption@indent=\dimen128
\caption@parindent=\dimen129
\caption@hangindent=\dimen130
)
\c@ContinuedFloat=\count105
Package caption Info: float package is loaded.
Package caption Info: wrapfig package is loaded.
)
("C:\Program Files (x86)\MiKTeX 2.9\tex\latex\sidecap\sidecap.sty"
Package: sidecap 2003/06/06 v1.6f SideCap Package (RN/HjG)

("C:\Program Files (x86)\MiKTeX 2.9\tex\latex\base\ifthen.sty"
Package: ifthen 2014/09/29 v1.1c Standard LaTeX ifthen package (DPC)
)
\SC@BOXWD=\dimen131
\SC@CAPWD=\dimen132
\SC@tempdima=\dimen133
\SC@tempdimb=\dimen134
\c@SC@C=\count106
\SC@BOX=\box31
)
("C:\Program Files (x86)\MiKTeX 2.9\tex\latex\caption\subcaption.sty"
Package: subcaption 2016/05/22 v1.1-161 Sub-captions (AR)
\c@subfigure=\count107
\c@subtable=\count108
)
("C:\Program Files (x86)\MiKTeX 2.9\tex\latex\tabulary\tabulary.sty"
Package: tabulary 2014/06/11 v0.10 tabulary package (DPC)

("C:\Program Files (x86)\MiKTeX 2.9\tex\latex\tools\array.sty"
Package: array 2014/10/28 v2.4c Tabular extension package (FMi)
\col@sep=\dimen135
\extrarowheight=\dimen136
\NC@list=\toks26
\extratabsurround=\skip46
\backup@length=\skip47
)
\TY@count=\count109
\TY@linewidth=\dimen137
\tymin=\dimen138
\tymax=\dimen139
\TY@tablewidth=\dimen140
)
("C:\Program Files (x86)\MiKTeX 2.9\tex\latex\oberdiek\pdflscape.sty"
Package: pdflscape 2008/08/11 v0.10 Display of landscape pages in PDF (HO)

("C:\Program Files (x86)\MiKTeX 2.9\tex\latex\graphics\lscape.sty"
Package: lscape 2000/10/22 v3.01 Landscape Pages (DPC)
)
Package pdflscape Info: Auto-detected driver: pdftex on input line 80.
)
("C:\Program Files (x86)\MiKTeX 2.9\tex\latex\tools\afterpage.sty"
Package: afterpage 2014/10/28 v1.08 After-Page Package (DPC)
\AP@output=\toks27
\AP@partial=\box32
\AP@footins=\box33
)
("C:\Program Files (x86)\MiKTeX 2.9\tex\latex\capt-of\capt-of.sty"
Package: capt-of 2009/12/29 v0.2 standard captions outside of floats
)
("C:\Program Files (x86)\MiKTeX 2.9\tex\latex\graphics\color.sty"
Package: color 2014/10/28 v1.1a Standard LaTeX Color (DPC)

("C:\Program Files (x86)\MiKTeX 2.9\tex\latex\00miktex\color.cfg"
File: color.cfg 2007/01/18 v1.5 color configuration of teTeX/TeXLive
)
Package color Info: Driver file: pdftex.def on input line 142.

("C:\Program Files (x86)\MiKTeX 2.9\tex\latex\graphics\dvipsnam.def"
File: dvipsnam.def 2014/10/14 v3.0j Driver-dependent file (DPC,SPQR)
))
("C:\Program Files (x86)\MiKTeX 2.9\tex\latex\lineno\lineno.sty"
Package: lineno 2005/11/02 line numbers on paragraphs v4.41
\linenopenalty=\count110
\output=\toks28
\linenoprevgraf=\count111
\linenumbersep=\dimen141
\linenumberwidth=\dimen142
\c@linenumber=\count112
\c@pagewiselinenumber=\count113
\c@LN@truepage=\count114
\c@internallinenumber=\count115
\c@internallinenumbers=\count116
\quotelinenumbersep=\dimen143
\bframerule=\dimen144
\bframesep=\dimen145
\bframebox=\box34
LaTeX Info: Redefining \\ on input line 3056.
)
("C:\Program Files (x86)\MiKTeX 2.9\tex\latex\enumitem\enumitem.sty"
Package: enumitem 2011/09/28 v3.5.2 Customized lists
\labelindent=\skip48
\enit@outerparindent=\dimen146
\enit@toks=\toks29
\enit@inbox=\box35
\enitdp@description=\count117
)
\enitdp@arrowlist=\count118

("C:\Program Files (x86)\MiKTeX 2.9\tex\latex\cite\cite.sty"
LaTeX Info: Redefining \cite on input line 302.
LaTeX Info: Redefining \nocite on input line 332.
Package: cite 2015/02/27  v 5.5
)
("C:\Program Files (x86)\MiKTeX 2.9\tex\latex\rotating\rotating.sty"
Package: rotating 2009/03/28 v2.16a rotated objects in LaTeX
\c@r@tfl@t=\count119
\rotFPtop=\skip49
\rotFPbot=\skip50
\rot@float@box=\box36
\rot@mess@toks=\toks30
)
(Thesis_draft.aux

LaTeX Warning: Label `PSS' multiply defined.

)
\openout1 = `Thesis_draft.aux'.

LaTeX Font Info:    Checking defaults for OML/cmm/m/it on input line 33.
LaTeX Font Info:    ... okay on input line 33.
LaTeX Font Info:    Checking defaults for T1/cmr/m/n on input line 33.
LaTeX Font Info:    ... okay on input line 33.
LaTeX Font Info:    Checking defaults for OT1/cmr/m/n on input line 33.
LaTeX Font Info:    ... okay on input line 33.
LaTeX Font Info:    Checking defaults for OMS/cmsy/m/n on input line 33.
LaTeX Font Info:    ... okay on input line 33.
LaTeX Font Info:    Checking defaults for OMX/cmex/m/n on input line 33.
LaTeX Font Info:    ... okay on input line 33.
LaTeX Font Info:    Checking defaults for U/cmr/m/n on input line 33.
LaTeX Font Info:    ... okay on input line 33.

*geometry* driver: auto-detecting
*geometry* detected driver: pdftex
*geometry* verbose mode - [ preamble ] result:
* driver: pdftex
* paper: a4paper
* layout: <same size as paper>
* layoutoffset:(h,v)=(0.0pt,0.0pt)
* modes: 
* h-part:(L,W,R)=(89.62709pt, 418.25368pt, 89.6271pt)
* v-part:(T,H,B)=(101.40665pt, 591.5302pt, 152.11pt)
* \paperwidth=597.50787pt
* \paperheight=845.04684pt
* \textwidth=418.25368pt
* \textheight=591.5302pt
* \oddsidemargin=17.3571pt
* \evensidemargin=17.3571pt
* \topmargin=-7.86334pt
* \headheight=12.0pt
* \headsep=25.0pt
* \topskip=12.0pt
* \footskip=30.0pt
* \marginparwidth=35.0pt
* \marginparsep=10.0pt
* \columnsep=10.0pt
* \skip\footins=10.8pt plus 4.0pt minus 2.0pt
* \hoffset=0.0pt
* \voffset=0.0pt
* \mag=1000
* \@twocolumnfalse
* \@twosidefalse
* \@mparswitchfalse
* \@reversemarginfalse
* (1in=72.27pt=25.4mm, 1cm=28.453pt)

("C:\Program Files (x86)\MiKTeX 2.9\tex\context\base\supp-pdf.mkii"
[Loading MPS to PDF converter (version 2006.09.02).]
\scratchcounter=\count120
\scratchdimen=\dimen147
\scratchbox=\box37
\nofMPsegments=\count121
\nofMParguments=\count122
\everyMPshowfont=\toks31
\MPscratchCnt=\count123
\MPscratchDim=\dimen148
\MPnumerator=\count124
\makeMPintoPDFobject=\count125
\everyMPtoPDFconversion=\toks32
)
Package caption Info: Begin \AtBeginDocument code.
Package caption Info: rotating package is loaded.
Package caption Info: sidecap package is loaded.
Package caption Info: End \AtBeginDocument code.
 ("C:\Program Files (x86)\MiKTeX 2.9\tex\latex\ms\ragged2e.sty"
Package: ragged2e 2009/05/21 v2.1 ragged2e Package (MS)

("C:\Program Files (x86)\MiKTeX 2.9\tex\latex\ms\everysel.sty"
Package: everysel 2011/10/28 v1.2 EverySelectfont Package (MS)

ABD: EverySelectfont initializing macros
LaTeX Info: Redefining \selectfont on input line 126.
)
\CenteringLeftskip=\skip51
\RaggedLeftLeftskip=\skip52
\RaggedRightLeftskip=\skip53
\CenteringRightskip=\skip54
\RaggedLeftRightskip=\skip55
\RaggedRightRightskip=\skip56
\CenteringParfillskip=\skip57
\RaggedLeftParfillskip=\skip58
\RaggedRightParfillskip=\skip59
\JustifyingParfillskip=\skip60
\CenteringParindent=\skip61
\RaggedLeftParindent=\skip62
\RaggedRightParindent=\skip63
\JustifyingParindent=\skip64
)
LaTeX Font Info:    Try loading font information for U+esint on input line 35.

("C:\Program Files (x86)\MiKTeX 2.9\tex\latex\esint\uesint.fd"
File: uesint.fd 
)
LaTeX Font Info:    Try loading font information for U+msa on input line 35.

("C:\Program Files (x86)\MiKTeX 2.9\tex\latex\amsfonts\umsa.fd"
File: umsa.fd 2013/01/14 v3.01 AMS symbols A
)
LaTeX Font Info:    Try loading font information for U+msb on input line 35.

("C:\Program Files (x86)\MiKTeX 2.9\tex\latex\amsfonts\umsb.fd"
File: umsb.fd 2013/01/14 v3.01 AMS symbols B
)
! I can't write on file `Thesis_draft.pdf'.
Please type another file name for output
! Emergency stop.
<to be read again> 
                   \endgroup \set@typeset@protect 
l.41 
     
*** (job aborted, file error in nonstop mode)

 
Here is how much of TeX's memory you used:
 5382 strings out of 493634
 78945 string characters out of 3141302
 146934 words of memory out of 3000000
 8663 multiletter control sequences out of 15000+200000
 12494 words of font info for 53 fonts, out of 3000000 for 9000
 1025 hyphenation exceptions out of 8191
 36i,6n,38p,2821b,253s stack positions out of 5000i,500n,10000p,200000b,50000s
!  ==> Fatal error occurred, no output PDF file produced!
ions' on page 3 undefined on input 
line 48.


LaTeX Warning: Citation `chester1987composite' on page 3 undefined on input lin
e 48.


LaTeX Warning: Citation `mandelbrot1984fractal' on page 3 undefined on input li
ne 48.


LaTeX Warning: Citation `mandelbrot1985self' on page 3 undefined on input line 
48.


LaTeX Warning: Citation `scholz1986fractal' on page 3 undefined on input line 4
8.


LaTeX Warning: Citation `candela2012roughness' on page 3 undefined on input lin
e 48.


LaTeX Warning: Citation `lay1982asperity' on page 3 undefined on input line 48.



LaTeX Warning: Citation `aki1984asperities' on page 3 undefined on input line 4
8.


LaTeX Warning: Citation `scholz1986fractal' on page 3 undefined on input line 4
8.


LaTeX Warning: Citation `sibson1977fault' on page 3 undefined on input line 51.



LaTeX Warning: Citation `chester1986implications' on page 3 undefined on input 
line 51.


LaTeX Warning: Citation `caine1996fault' on page 3 undefined on input line 51.


LaTeX Warning: Citation `palmer1973growth' on page 3 undefined on input line 51
.


LaTeX Warning: Citation `engelder1974cataclasis' on page 3 undefined on input l
ine 51.


LaTeX Warning: Citation `aydin1978development' on page 3 undefined on input lin
e 51.


LaTeX Warning: Citation `sibson2003thick' on page 3 undefined on input line 51.



LaTeX Warning: Citation `scholz1986fractal' on page 3 undefined on input line 5
1.


LaTeX Warning: Citation `scholz1986fractal' on page 3 undefined on input line 5
1.


LaTeX Warning: Citation `sagy2009geometric' on page 3 undefined on input line 5
1.


LaTeX Warning: Citation `scholz1986fractal' on page 3 undefined on input line 5
1.


LaTeX Warning: Citation `schmittbuhl1993field' on page 3 undefined on input lin
e 51.


LaTeX Warning: Citation `andela2012roughness' on page 3 undefined on input line
 51.


LaTeX Warning: Citation `schmittbuhl1993field' on page 3 undefined on input lin
e 51.


LaTeX Warning: Citation `lee1996structural' on page 3 undefined on input line 5
1.

[3]

LaTeX Warning: Citation `berger1980first' on page 4 undefined on input line 53.



LaTeX Warning: Citation `segall1980mechanics' on page 4 undefined on input line
 53.


LaTeX Warning: Citation `mcclay1987analogue' on page 4 undefined on input line 
53.


LaTeX Warning: Citation `kilsdonk1989analytical' on page 4 undefined on input l
ine 53.


LaTeX Warning: Citation `burgmann1994slip' on page 4 undefined on input line 53
.


LaTeX Warning: Citation `chester1997stress' on page 4 undefined on input line 5
3.


LaTeX Warning: Citation `chester2000stress' on page 4 undefined on input line 5
3.


LaTeX Warning: Citation `saucier1992stress' on page 4 undefined on input line 5
3.


LaTeX Warning: Citation `griffith2010rough' on page 4 undefined on input line 5
3.


LaTeX Warning: Citation `dunham2011earthquake' on page 4 undefined on input lin
e 53.


LaTeX Warning: Citation `ritz2015influence' on page 4 undefined on input line 5
3.


LaTeX Warning: Citation `okada1992internal' on page 4 undefined on input line 5
3.


LaTeX Warning: Citation `meade2007algorithms' on page 4 undefined on input line
 53.


LaTeX Warning: Citation `shi2013rupture' on page 4 undefined on input line 53.


LaTeX Warning: Citation `zielke2016sub' on page 4 undefined on input line 53.


LaTeX Warning: Citation `zielke2017fault' on page 4 undefined on input line 53.



LaTeX Warning: Citation `fang2013additional' on page 4 undefined on input line 
53.


LaTeX Warning: Citation `okubo1984effects' on page 4 undefined on input line 53
.


LaTeX Warning: Citation `chester2000stress' on page 4 undefined on input line 5
3.


LaTeX Warning: Citation `griffith2010rough' on page 4 undefined on input line 5
3.


LaTeX Warning: Citation `zielke2016sub' on page 4 undefined on input line 53.


LaTeX Warning: Citation `dieterich2009nonplanar' on page 4 undefined on input l
ine 53.

! Undefined control sequence.
l.53 ...nplanar}. In numerical simulations, \citet
                                                  {zielke2017fault} reports ...
The control sequence at the end of the top line
of your error message was never \def'ed. If you have
misspelled it (e.g., `\hobx'), type `I' and the correct
spelling (e.g., `I\hbox'). Otherwise just continue,
and I'll forget about whatever was undefined.


LaTeX Warning: Citation `biegel19921' on page 4 undefined on input line 53.


LaTeX Warning: Citation `marone1994scaling' on page 4 undefined on input line 5
3.


LaTeX Warning: Citation `okubo1984nonplanar' on page 4 undefined on input line 
53.

[4]

LaTeX Warning: Citation `scholz1986fractal' on page 5 undefined on input line 5
5.


LaTeX Warning: Citation `brodsky2016constraints' on page 5 undefined on input l
ine 55.


LaTeX Warning: Citation `candela2011stress' on page 5 undefined on input line 5
5.


LaTeX Warning: Citation `shi2013rupture' on page 5 undefined on input line 55.


LaTeX Warning: Citation `moreno2009impact' on page 5 undefined on input line 55
.


LaTeX Warning: Citation `zielke2016sub' on page 5 undefined on input line 55.


LaTeX Warning: Citation `candela2012roughness' on page 5 undefined on input lin
e 57.


LaTeX Warning: Citation `brodsky2016constraints' on page 5 undefined on input l
ine 57.


LaTeX Warning: Citation `davidesko2014evolution' on page 5 undefined on input l
ine 57.


LaTeX Warning: Citation `brodsky2011faults' on page 5 undefined on input line 5
7.


LaTeX Warning: Citation `candela2009characterization' on page 5 undefined on in
put line 57.


LaTeX Warning: Citation `brodsky2011faults' on page 5 undefined on input line 5
7.


LaTeX Warning: Citation `candela2012roughness' on page 5 undefined on input lin
e 57.


LaTeX Warning: Citation `badt2016geometrical' on page 5 undefined on input line
 57.


LaTeX Warning: Citation `shervais2016smoothing' on page 5 undefined on input li
ne 57.


LaTeX Warning: Citation `brodsky2011faults' on page 5 undefined on input line 5
9.

[5]

LaTeX Warning: Citation `harrington2009smooth' on page 6 undefined on input lin
e 61.


LaTeX Warning: Citation `stirling1996fault' on page 6 undefined on input line 6
1.


LaTeX Warning: Citation `chester2000stress' on page 6 undefined on input line 6
1.


LaTeX Warning: Citation `griffith2010rough' on page 6 undefined on input line 6
1.


LaTeX Warning: Citation `ritz2015influence' on page 6 undefined on input line 6
1.


LaTeX Warning: Citation `power1988roughness' on page 6 undefined on input line 
61.


LaTeX Warning: Citation `griffith2010rough' on page 6 undefined on input line 6
1.


LaTeX Warning: Citation `ritz2015influence' on page 6 undefined on input line 6
1.

[6]

LaTeX Warning: Citation `brown1985broad' on page 7 undefined on input line 65.


LaTeX Warning: Citation `mandelbrot1984fractal' on page 7 undefined on input li
ne 65.


LaTeX Warning: Citation `brown1985broad' on page 7 undefined on input line 65.


LaTeX Warning: Citation `scholz1986fractal' on page 7 undefined on input line 6
5.


LaTeX Warning: Citation `power1987roughness' on page 7 undefined on input line 
65.


LaTeX Warning: Citation `power1991euclidean' on page 7 undefined on input line 
65.


LaTeX Warning: Citation `scholz1986fractal' on page 7 undefined on input line 6
5.


LaTeX Warning: Citation `power1987roughness' on page 7 undefined on input line 
65.


LaTeX Warning: Citation `aviles1987fractal' on page 7 undefined on input line 6
5.


LaTeX Warning: Citation `mandelbrot1984fractal' on page 7 undefined on input li
ne 65.


LaTeX Warning: Citation `mandelbrot1985self' on page 7 undefined on input line 
65.


LaTeX Warning: Citation `schmittbuhl1993field' on page 7 undefined on input lin
e 85.


LaTeX Warning: Citation `mandelbrot1985self' on page 7 undefined on input line 
87.


LaTeX Warning: Citation `schmittbuhl1995reliability' on page 7 undefined on inp
ut line 87.


LaTeX Warning: Citation `candela2009characterization' on page 7 undefined on in
put line 87.

[7]

LaTeX Warning: Citation `schmittbuhl1995reliability' on page 8 undefined on inp
ut line 93.


LaTeX Warning: Citation `schmittbuhl1995reliability' on page 8 undefined on inp
ut line 94.


LaTeX Warning: Citation `candela2009characterization' on page 8 undefined on in
put line 94.


LaTeX Warning: Citation `mandelbrot1985self' on page 8 undefined on input line 
101.


LaTeX Warning: Citation `power1991euclidean' on page 8 undefined on input line 
101.


LaTeX Warning: Citation `schmittbuhl1993field' on page 8 undefined on input lin
e 101.


LaTeX Warning: Citation `candela2012roughness' on page 8 undefined on input lin
e 101.


LaTeX Warning: Citation `mandelbrot1985self' on page 8 undefined on input line 
103.


LaTeX Warning: Citation `lee1996structural' on page 8 undefined on input line 1
03.


LaTeX Warning: Citation `kokkalas2007quantitative' on page 8 undefined on input
 line 103.


LaTeX Warning: Citation `renard2006high' on page 8 undefined on input line 103.



LaTeX Warning: Citation `sagy2007evolution' on page 8 undefined on input line 1
03.


LaTeX Warning: Citation `sagy2009geometric' on page 8 undefined on input line 1
03.


LaTeX Warning: Citation `jones2009quantitative' on page 8 undefined on input li
ne 103.


LaTeX Warning: Citation `bistacchi2011fault' on page 8 undefined on input line 
103.


LaTeX Warning: Citation `brodsky2011faults' on page 8 undefined on input line 1
03.


LaTeX Warning: Citation `candela2012roughness' on page 8 undefined on input lin
e 103.


LaTeX Warning: Citation `schmittbuhl1993field' on page 8 undefined on input lin
e 103.


LaTeX Warning: Citation `lee1996structural' on page 8 undefined on input line 1
03.


LaTeX Warning: Citation `sagy2009geometric' on page 8 undefined on input line 1
03.


LaTeX Warning: Citation `candela2012roughness' on page 8 undefined on input lin
e 103.


LaTeX Warning: Citation `brodsky2016scale' on page 8 undefined on input line 10
3.


LaTeX Warning: Citation `schmittbuhl1995scaling' on page 8 undefined on input l
ine 103.


LaTeX Warning: Citation `bouchaud1997scaling' on page 8 undefined on input line
 103.


LaTeX Warning: Citation `lee1996structural' on page 8 undefined on input line 1
03.


LaTeX Warning: Citation `sagy2007evolution' on page 8 undefined on input line 1
03.


LaTeX Warning: Citation `bistacchi2011fault' on page 8 undefined on input line 
103.


LaTeX Warning: Citation `candela2012roughness' on page 8 undefined on input lin
e 103.


LaTeX Warning: Citation `lee1996structural' on page 8 undefined on input line 1
03.


LaTeX Warning: Citation `sagy2007geometric' on page 8 undefined on input line 1
03.


LaTeX Warning: Citation `candela2012roughness' on page 8 undefined on input lin
e 103.


LaTeX Warning: Citation `candela2012roughness' on page 8 undefined on input lin
e 103.


LaTeX Warning: Citation `brodsky2011faults' on page 8 undefined on input line 1
03.


LaTeX Warning: Citation `candela2016minimum' on page 8 undefined on input line 
103.


LaTeX Warning: Citation `brodsky2016constraints' on page 8 undefined on input l
ine 103.

[8]
! Undefined control sequence.
l.105 ... dependent strength as proposed by \citet
                                                  {brodsky2016scale}. Using ...
The control sequence at the end of the top line
of your error message was never \def'ed. If you have
misspelled it (e.g., `\hobx'), type `I' and the correct
spelling (e.g., `I\hbox'). Otherwise just continue,
and I'll forget about whatever was undefined.

[9]

LaTeX Warning: Citation `greenwood1966' on page 10 undefined on input line 107.



LaTeX Warning: Citation `XXX' on page 10 undefined on input line 107.


LaTeX Warning: Citation `archard1953contact' on page 10 undefined on input line
 107.


LaTeX Warning: Citation `power1988roughness' on page 10 undefined on input line
 119.


LaTeX Warning: Citation `sagy2007evolution' on page 10 undefined on input line 
119.


LaTeX Warning: Citation `brodsky2011faults' on page 10 undefined on input line 
119.

[10]

LaTeX Warning: Citation `sagy2009geometric' on page 11 undefined on input line 
135.


LaTeX Warning: Citation `shervais2016smoothing' on page 11 undefined on input l
ine 135.


LaTeX Warning: Citation `chambon2006thickness' on page 11 undefined on input li
ne 135.

[11]

LaTeX Warning: Citation `power1988roughness' on page 12 undefined on input line
 137.


LaTeX Warning: Citation `scholz1987wear' on page 12 undefined on input line 137
.


LaTeX Warning: Citation `shervais2016smoothing' on page 12 undefined on input l
ine 137.


LaTeX Warning: Citation `scholz1976role' on page 12 undefined on input line 137
.


LaTeX Warning: Citation `swanson1989sidewall' on page 12 undefined on input lin
e 137.


LaTeX Warning: Citation `meng1995wear' on page 12 undefined on input line 141.


LaTeX Warning: Citation `power1988roughness' on page 12 undefined on input line
 141.


LaTeX Warning: Citation `scholz1987wear' on page 12 undefined on input line 141
.


LaTeX Warning: Citation `wang1994wear' on page 12 undefined on input line 141.


LaTeX Warning: Citation `rathburn2013Numerical' on page 12 undefined on input l
ine 141.

! Undefined control sequence.
l.141 ...iction of wear volume presented in \citet
                                                  {brodsky2011faults}.
The control sequence at the end of the top line
of your error message was never \def'ed. If you have
misspelled it (e.g., `\hobx'), type `I' and the correct
spelling (e.g., `I\hbox'). Otherwise just continue,
and I'll forget about whatever was undefined.


LaTeX Warning: Citation `archard1953contact' on page 12 undefined on input line
 143.


LaTeX Warning: Citation `greenwood1966contact' on page 12 undefined on input li
ne 143.


LaTeX Warning: Citation `bowden2001friction' on page 12 undefined on input line
 143.


LaTeX Warning: Citation `dieterich1996imaging' on page 12 undefined on input li
ne 143.

[12]

LaTeX Warning: Citation `archard1953contact' on page 13 undefined on input line
 149.


LaTeX Warning: Citation `yoshioka1986fracture' on page 13 undefined on input li
ne 151.


LaTeX Warning: Citation `robertson1982continuous' on page 13 undefined on input
 line 151.


LaTeX Warning: Citation `shipton2006thick' on page 13 undefined on input line 1
51.


LaTeX Warning: Citation `scholz1987wear' on page 13 undefined on input line 151
.

! Undefined control sequence.
l.151 ...s to natural faults. Specifically, \citet
                                                  {scholz1987wear} raises co...
The control sequence at the end of the top line
of your error message was never \def'ed. If you have
misspelled it (e.g., `\hobx'), type `I' and the correct
spelling (e.g., `I\hbox'). Otherwise just continue,
and I'll forget about whatever was undefined.

[13]

LaTeX Warning: Citation `queener1965transient' on page 14 undefined on input li
ne 153.


LaTeX Warning: Citation `levy1988unlubricated' on page 14 undefined on input li
ne 153.


LaTeX Warning: Citation `power1988roughness' on page 14 undefined on input line
 153.


LaTeX Warning: Citation `wang1994wear' on page 14 undefined on input line 153.


LaTeX Warning: Citation `scholz1987wear' on page 14 undefined on input line 165
.


LaTeX Warning: Citation `wang1994wear' on page 14 undefined on input line 165.


LaTeX Warning: Citation `power1988roughness' on page 14 undefined on input line
 165.


LaTeX Warning: Citation `blenkinsop1989thickness' on page 14 undefined on input
 line 165.


LaTeX Warning: Citation `evans1990thickness' on page 14 undefined on input line
 165.


LaTeX Warning: Citation `shipton2006thick' on page 14 undefined on input line 1
65.

[14]

LaTeX Warning: Citation `aydin1977faulting' on page 15 undefined on input line 
175.


LaTeX Warning: Citation `aydin1978development' on page 15 undefined on input li
ne 175.


LaTeX Warning: Citation `krantz1986orthorhombic' on page 15 undefined on input 
line 175.


LaTeX Warning: Citation `shipton2001damage' on page 15 undefined on input line 
175.


LaTeX Warning: Citation `shipton2002structural' on page 15 undefined on input l
ine 175.


LaTeX Warning: Citation `shipton2003conceptual' on page 15 undefined on input l
ine 175.


LaTeX Warning: Citation `fossen1998deformation' on page 15 undefined on input l
ine 175.


LaTeX Warning: Citation `fossen2005fault' on page 15 undefined on input line 17
5.


LaTeX Warning: Citation `fossen2007deformation' on page 15 undefined on input l
ine 175.

[15]

LaTeX Warning: Citation `aydin1977faulting' on page 16 undefined on input line 
177.


LaTeX Warning: Citation `davatzes2003overprinting' on page 16 undefined on inpu
t line 177.


LaTeX Warning: Citation `aydin1977faulting' on page 16 undefined on input line 
177.


LaTeX Warning: Citation `aydin1978development' on page 16 undefined on input li
ne 177.


LaTeX Warning: Citation `fossen2007deformation' on page 16 undefined on input l
ine 177.


LaTeX Warning: Citation `fossen2007deformation' on page 16 undefined on input l
ine 177.


LaTeX Warning: Citation `fossen2007deformation' on page 16 undefined on input l
ine 177.


LaTeX Warning: Citation `aydin1977faulting' on page 16 undefined on input line 
177.


LaTeX Warning: Citation `myers1999structure' on page 16 undefined on input line
 179.


LaTeX Warning: Citation `davatzes2003overprinting' on page 16 undefined on inpu
t line 179.


LaTeX Warning: Citation `fault_nucleation_b' on page 16 undefined on input line
 179.


LaTeX Warning: Citation `davatzes2003overprinting' on page 16 undefined on inpu
t line 181.


LaTeX Warning: Citation `aydin1977faulting' on page 16 undefined on input line 
183.


LaTeX Warning: Citation `aydin1978development' on page 16 undefined on input li
ne 183.


LaTeX Warning: Citation `shipton2001damage' on page 16 undefined on input line 
183.


LaTeX Warning: Citation `shipton2003conceptual' on page 16 undefined on input l
ine 183.


LaTeX Warning: Citation `davatzes2005distribution' on page 16 undefined on inpu
t line 183.


LaTeX Warning: Citation `aydin1977faulting' on page 16 undefined on input line 
183.


LaTeX Warning: Citation `aydin1978development' on page 16 undefined on input li
ne 183.


LaTeX Warning: Citation `shipton2001damage' on page 16 undefined on input line 
183.


LaTeX Warning: Citation `shipton2003conceptual' on page 16 undefined on input l
ine 183.


LaTeX Warning: Citation `shipton2001damage' on page 16 undefined on input line 
183.


LaTeX Warning: Citation `shipton2006thick' on page 16 undefined on input line 1
83.

[16]

LaTeX Warning: Citation `kelley1960fracture' on page 17 undefined on input line
 189.


LaTeX Warning: Citation `vrolijk2005anatomy' on page 17 undefined on input line
 189.


LaTeX Warning: Citation `kelley1960fracture' on page 17 undefined on input line
 189.


LaTeX Warning: Citation `kelley1960fracture' on page 17 undefined on input line
 189.


LaTeX Warning: Citation `aydin1977faulting' on page 17 undefined on input line 
189.


LaTeX Warning: Citation `krantz1986orthorhombic' on page 17 undefined on input 
line 189.


LaTeX Warning: Citation `maerten2001digital' on page 17 undefined on input line
 189.


LaTeX Warning: Citation `davatzes2003overprinting' on page 17 undefined on inpu
t line 189.


LaTeX Warning: Citation `shipton2001damage' on page 17 undefined on input line 
189.


LaTeX Warning: Citation `shipton2003conceptual' on page 17 undefined on input l
ine 189.


LaTeX Warning: Citation `aydin1977faulting' on page 17 undefined on input line 
189.


LaTeX Warning: Citation `aydin1978development' on page 17 undefined on input li
ne 189.


LaTeX Warning: Citation `aydin1977faulting' on page 17 undefined on input line 
189.


LaTeX Warning: Citation `aydin1978development' on page 17 undefined on input li
ne 189.


LaTeX Warning: Citation `fossen1998deformation' on page 17 undefined on input l
ine 189.


LaTeX Warning: Citation `fossen2005fault' on page 17 undefined on input line 18
9.


LaTeX Warning: Reference `lithology' on page 17 undefined on input line 189.

[17]

LaTeX Warning: Citation `vrolijk2005anatomy' on page 18 undefined on input line
 191.


LaTeX Warning: Citation `sagy2007evolution' on page 18 undefined on input line 
191.


LaTeX Warning: Citation `brodsky2011faults' on page 18 undefined on input line 
191.


Overfull \hbox (5.37758pt too wide) in paragraph at lines 191--192
[]\OT1/cmr/m/n/12 Advantages of the-ses field lo-ca-tions are man-i-fold. First
, the nearly pure quartzite
 []


LaTeX Warning: Citation `krantz1986orthorhombic' on page 18 undefined on input 
line 193.


LaTeX Warning: Citation `davatzes2003overprinting' on page 18 undefined on inpu
t line 193.


LaTeX Warning: Citation `vrolijk2005anatomy' on page 18 undefined on input line
 193.


LaTeX Warning: Citation `shipton2001damage' on page 18 undefined on input line 
193.


LaTeX Warning: Citation `shipton2003conceptual' on page 18 undefined on input l
ine 193.


LaTeX Warning: Citation `shipton2002structural' on page 18 undefined on input l
ine 193.


LaTeX Warning: Citation `krantz1986orthorhombic' on page 18 undefined on input 
line 193.


LaTeX Warning: Citation `krantz1986orthorhombic' on page 18 undefined on input 
line 193.


LaTeX Warning: Citation `maerten2001digital' on page 18 undefined on input line
 193.


LaTeX Warning: Citation `davatzes2003overprinting' on page 18 undefined on inpu
t line 193.


LaTeX Warning: Citation `maerten2001digital' on page 18 undefined on input line
 193.


LaTeX Warning: Citation `cowie1998fault' on page 18 undefined on input line 193
.


LaTeX Warning: Citation `maerten2001digital' on page 18 undefined on input line
 193.


LaTeX Warning: Citation `shipton2001damage' on page 18 undefined on input line 
193.


LaTeX Warning: Citation `shipton2003conceptual' on page 18 undefined on input l
ine 193.


LaTeX Warning: Citation `shipton2001damage' on page 18 undefined on input line 
193.


LaTeX Warning: Citation `shipton2003conceptual' on page 18 undefined on input l
ine 193.

[18]

LaTeX Warning: Citation `kelley1960fracture' on page 19 undefined on input line
 195.


LaTeX Warning: Citation `aydin1978development' on page 19 undefined on input li
ne 197.


LaTeX Warning: Citation `aydin1977faulting' on page 19 undefined on input line 
197.


LaTeX Warning: Citation `fossen2005fault' on page 19 undefined on input line 19
7.


LaTeX Warning: Citation `torabi2009spatial' on page 19 undefined on input line 
197.


LaTeX Warning: Citation `aydin1978development' on page 19 undefined on input li
ne 197.


LaTeX Warning: Citation `schultz2002displacement' on page 19 undefined on input
 line 197.

[19] [20]

LaTeX Warning: No positions in optional float specifier.
               Default added (so using `tbp') on input line 208.


LaTeX Warning: Citation `aydin1977faulting' on page 21 undefined on input line 
210.


LaTeX Warning: Citation `aydin1977faulting' on page 21 undefined on input line 
210.

LaTeX Font Info:    Try loading font information for OML+cmr on input line 218.

("C:\Program Files (x86)\MiKTeX 2.9\tex\latex\base\omlcmr.fd"
File: omlcmr.fd 2014/09/29 v2.5h Standard LaTeX font definitions
)
LaTeX Font Info:    Font shape `OML/cmr/m/it' in size <12> not available
(Font)              Font shape `OML/cmm/m/it' tried instead on input line 218.
 [21]
Overfull \hbox (35.83806pt too wide) in paragraph at lines 258--259
 [][] 
 []

[22






]
Overfull \vbox (186.48326pt too high) has occurred while \output is active []


[23] [24]

LaTeX Warning: Reference `field_observations_and_microstructure' on page 25 und
efined on input line 276.


LaTeX Warning: Reference `geometric_analysis' on page 25 undefined on input lin
e 277.


LaTeX Warning: Citation `crouch1982boundary' on page 25 undefined on input line
 278.


LaTeX Warning: Citation `cooke1997bedding' on page 25 undefined on input line 2
78.


LaTeX Warning: Citation `cooke1997fracture' on page 25 undefined on input line 
278.


LaTeX Warning: Citation `savage2010unlocking' on page 25 undefined on input lin
e 278.


LaTeX Warning: Citation `mcbeck2016growth' on page 25 undefined on input line 2
78.


LaTeX Warning: Reference `model' on page 25 undefined on input line 278.


LaTeX Warning: Reference `Discussion' on page 25 undefined on input line 281.

[25


]

LaTeX Warning: Citation `power1988roughness' on page 26 undefined on input line
 291.

[26]

LaTeX Warning: Reference `deformation_band' on page 27 undefined on input line 
297.


LaTeX Warning: Reference `grain_size' on page 27 undefined on input line 299.

<Grain_size_distribution.jpg, id=99, 433.62pt x 325.215pt>
File: Grain_size_distribution.jpg Graphic file (type jpg)

<use Grain_size_distribution.jpg>
Package pdftex.def Info: Grain_size_distribution.jpg used on input line 304.
(pdftex.def)             Requested size: 418.25368pt x 313.70645pt.


LaTeX Warning: `h' float specifier changed to `ht'.

<Defomation_Bands.jpg, id=100, 1070.42194pt x 802.81645pt>
File: Defomation_Bands.jpg Graphic file (type jpg)

<use Defomation_Bands.jpg>
Package pdftex.def Info: Defomation_Bands.jpg used on input line 314.
(pdftex.def)             Requested size: 418.25368pt x 313.68515pt.


LaTeX Warning: `h' float specifier changed to `ht'.


LaTeX Warning: Reference `DBC' on page 27 undefined on input line 322.


LaTeX Warning: Reference `DBC' on page 27 undefined on input line 322.

[27] [28 <./Grain_size_distribution.jpg>] [29 <./Defomation_Bands.jpg>]
<DBC_edge.jpg, id=110, 1070.42194pt x 802.81645pt>
File: DBC_edge.jpg Graphic file (type jpg)
 <use DBC_edge.jpg>
Package pdftex.def Info: DBC_edge.jpg used on input line 332.
(pdftex.def)             Requested size: 167.2989pt x 125.46425pt.

<DBC_X.jpg, id=111, 1070.42194pt x 802.81645pt>
File: DBC_X.jpg Graphic file (type jpg)
 <use DBC_X.jpg>
Package pdftex.def Info: DBC_X.jpg used on input line 336.
(pdftex.def)             Requested size: 167.2989pt x 125.46425pt.
 [30 <./DBC_edge.jpg> <./DBC_X.jpg>]
<Fault_architecture_zoom.jpg, id=115, 1070.42194pt x 802.81645pt>
File: Fault_architecture_zoom.jpg Graphic file (type jpg)

<use Fault_architecture_zoom.jpg>
Package pdftex.def Info: Fault_architecture_zoom.jpg used on input line 351.
(pdftex.def)             Requested size: 418.25368pt x 313.68515pt.


LaTeX Warning: `h' float specifier changed to `ht'.


LaTeX Warning: Citation `otsuki2003fluidization' on page 31 undefined on input 
line 360.


LaTeX Warning: Citation `aydin1977faulting' on page 31 undefined on input line 
360.

[31]

LaTeX Warning: Reference `microstructural_wear' on page 32 undefined on input l
ine 367.

[32] <microstructural_wear.jpg, id=123, 433.62pt x 325.215pt>
File: microstructural_wear.jpg Graphic file (type jpg)

<use microstructural_wear.jpg>
Package pdftex.def Info: microstructural_wear.jpg used on input line 375.
(pdftex.def)             Requested size: 418.25368pt x 313.70645pt.
 <PSS.jpg, id=124, 1070.42194pt x 802.81645pt>
File: PSS.jpg Graphic file (type jpg)

<use PSS.jpg>
Package pdftex.def Info: PSS.jpg used on input line 382.
(pdftex.def)             Requested size: 418.25368pt x 313.68515pt.
 [33] <two_slip_surfaces.jpg, id=128, 1070.42194pt x 802.81645pt>
File: two_slip_surfaces.jpg Graphic file (type jpg)

<use two_slip_surfaces.jpg>
Package pdftex.def Info: two_slip_surfaces.jpg used on input line 399.
(pdftex.def)             Requested size: 167.2989pt x 125.46425pt.

<Concentric.jpg, id=129, 1070.42194pt x 802.81645pt>
File: Concentric.jpg Graphic file (type jpg)
 <use Concentric.jpg>
Package pdftex.def Info: Concentric.jpg used on input line 403.
(pdftex.def)             Requested size: 167.2989pt x 125.46425pt.
File: PSS.jpg Graphic file (type jpg)

<use PSS.jpg>
Package pdftex.def Info: PSS.jpg used on input line 411.
(pdftex.def)             Requested size: 418.25368pt x 313.68515pt.

Overfull \hbox (1.4128pt too wide) in paragraph at lines 419--420
[]\OT1/cmr/m/n/12 Certain slip sur-faces do ac-com-mo-date the over-whelm-ing m
a-jor-ity of fault offset--
 []

LaTeX Font Info:    Try loading font information for OMS+cmr on input line 423.

("C:\Program Files (x86)\MiKTeX 2.9\tex\latex\base\omscmr.fd"
File: omscmr.fd 2014/09/29 v2.5h Standard LaTeX font definitions
)
LaTeX Font Info:    Font shape `OMS/cmr/m/n' in size <12> not available
(Font)              Font shape `OMS/cmsy/m/n' tried instead on input line 423.
 [34] [35]

LaTeX Warning: Reference `fig:DavatzesFR' on page 36 undefined on input line 47
5.

[36]
Overfull \hbox (0.5059pt too wide) in paragraph at lines 487--487
[]\OT1/cmr/bx/n/14.4 Interpretation of field ob-ser-va-tions and rough-ness mea
-
 []

[37]

LaTeX Warning: Citation `sagy2007evolution' on page 38 undefined on input line 
516.


LaTeX Warning: Citation `brodsky2011faults' on page 38 undefined on input line 
516.


LaTeX Warning: Citation `candela2012roughness' on page 38 undefined on input li
ne 516.

[38] [39] [40]

LaTeX Warning: Citation `krantz1986orthorhombic' on page 41 undefined on input 
line 536.


LaTeX Warning: Citation `krantz1989orthorhombic' on page 41 undefined on input 
line 536.


LaTeX Warning: Citation `maerten2001digital' on page 41 undefined on input line
 536.


LaTeX Warning: Citation `shipton2001damage' on page 41 undefined on input line 
536.


LaTeX Warning: Citation `shipton2001damage' on page 41 undefined on input line 
536.


LaTeX Warning: Citation `aydin1977faulting' on page 41 undefined on input line 
536.


LaTeX Warning: Citation `aydin1977faulting' on page 41 undefined on input line 
536.

[41] <big_hole_cliff.jpg, id=156, 433.62pt x 325.215pt>
File: big_hole_cliff.jpg Graphic file (type jpg)

<use big_hole_cliff.jpg>
Package pdftex.def Info: big_hole_cliff.jpg used on input line 543.
(pdftex.def)             Requested size: 418.25368pt x 313.70645pt.


LaTeX Warning: `h' float specifier changed to `ht'.


LaTeX Warning: Citation `chester1986implications' on page 42 undefined on input
 line 549.


LaTeX Warning: Citation `shipton2001damage' on page 42 undefined on input line 
549.

[42] [43] [44]

LaTeX Warning: Citation `lee1996structural' on page 45 undefined on input line 
605.

[45] [46] [47] [48] [49] [50] [51]
<smoothing_all_scale_no_up.jpg, id=189, 1294.8375pt x 478.78876pt>
File: smoothing_all_scale_no_up.jpg Graphic file (type jpg)

<use smoothing_all_scale_no_up.jpg>
Package pdftex.def Info: smoothing_all_scale_no_up.jpg used on input line 684.
(pdftex.def)             Requested size: 650.68681pt x 240.60654pt.

Overfull \hbox (59.15662pt too wide) in paragraph at lines 684--685
 [][] 
 []

<smoothing_all_scale_just_up.jpg, id=190, 1375.1375pt x 478.78876pt>
File: smoothing_all_scale_just_up.jpg Graphic file (type jpg)

<use smoothing_all_scale_just_up.jpg>
Package pdftex.def Info: smoothing_all_scale_just_up.jpg used on input line 693
.
(pdftex.def)             Requested size: 650.68681pt x 226.55032pt.

Overfull \hbox (59.15662pt too wide) in paragraph at lines 693--694
 [][] 
 []

[52]
Overfull \hbox (7.02658pt too wide) in paragraph at lines 731--732
[]\OT1/cmr/m/n/12 power spec-trum shows that fault slip sur-faces are sys-tem-a
t-i-cally smoother
 []

[53]

LaTeX Warning: Citation `chester2000stress' on page 54 undefined on input line 
749.


LaTeX Warning: Citation `crouch1982boundary' on page 54 undefined on input line
 749.

[54] [55] [56] [57] [58] [59] (Thesis_draft.bbl [60] [61] [62] [63] [64]
[65] [66] [67] [68] [69] [70] [71] [72] [73]) [74] [75] [76]
Overfull \hbox (2.10414pt too wide) in paragraph at lines 874--875
[]\OT1/cmr/m/it/12 'PLOMB'\OT1/cmr/m/n/12 : pe-ri-odogram plot as de-ter-mined 
by the Lomb-Scargle least squares
 []

[77]
Overfull \hbox (5.71063pt too wide) in paragraph at lines 896--897
[]\OT1/cmr/m/it/12 fractal_model_outlier\OT1/cmr/m/n/12 : Re-moves out-ly-ing s
eg-ments ac-cord-ing to a near-gaussian
 []

[78] [79] [80 <./Fault_architecture_zoom.jpg>] [81 <./microstructural_wear.jpg>
] [82 <./PSS.jpg> <./two_slip_surfaces.jpg> <./Concentric.jpg>] [83] [84 <./big
_hole_cliff.jpg>] [85 <./smoothing_all_scale_no_up.jpg>] [86 <./smoothing_all_s
cale_just_up.jpg>] (Thesis_draft.aux)

LaTeX Warning: There were undefined references.


LaTeX Warning: Label(s) may have changed. Rerun to get cross-references right.

 ) 
Here is how much of TeX's memory you used:
 5565 strings out of 493634
 82171 string characters out of 3141302
 153369 words of memory out of 3000000
 8814 multiletter control sequences out of 15000+200000
 16355 words of font info for 67 fonts, out of 3000000 for 9000
 1025 hyphenation exceptions out of 8191
 36i,15n,39p,2821b,441s stack positions out of 5000i,500n,10000p,200000b,50000s
<C:/Program Files (x86)/MiKTeX 2.9/fonts/type1/public/amsfonts/cm/cmbx10.pfb>
<C:/Program Files (x86)/MiKTeX 2.9/fonts/type1/public/amsfonts/cm/cmbx12.pfb><C
:/Program Files (x86)/MiKTeX 2.9/fonts/type1/public/amsfonts/cm/cmbxti10.pfb><C
:/Program Files (x86)/MiKTeX 2.9/fonts/type1/public/amsfonts/cm/cmex10.pfb><C:/
Program Files (x86)/MiKTeX 2.9/fonts/type1/public/amsfonts/cm/cmmi10.pfb><C:/Pr
ogram Files (x86)/MiKTeX 2.9/fonts/type1/public/amsfonts/cm/cmmi12.pfb><C:/Prog
ram Files (x86)/MiKTeX 2.9/fonts/type1/public/amsfonts/cm/cmmi8.pfb><C:/Program
 Files (x86)/MiKTeX 2.9/fonts/type1/public/amsfonts/cm/cmr10.pfb><C:/Program Fi
les (x86)/MiKTeX 2.9/fonts/type1/public/amsfonts/cm/cmr12.pfb><C:/Program Files
 (x86)/MiKTeX 2.9/fonts/type1/public/amsfonts/cm/cmr17.pfb><C:/Program Files (x
86)/MiKTeX 2.9/fonts/type1/public/amsfonts/cm/cmr8.pfb><C:/Program Files (x86)/
MiKTeX 2.9/fonts/type1/public/amsfonts/cm/cmss8.pfb><C:/Program Files (x86)/MiK
TeX 2.9/fonts/type1/public/amsfonts/cm/cmsy10.pfb><C:/Program Files (x86)/MiKTe
X 2.9/fonts/type1/public/amsfonts/cm/cmsy8.pfb><C:/Program Files (x86)/MiKTeX 2
.9/fonts/type1/public/amsfonts/cm/cmti12.pfb><C:/Program Files (x86)/MiKTeX 2.9
/fonts/type1/public/esint/esint10.pfb><C:/Program Files (x86)/MiKTeX 2.9/fonts/
type1/public/amsfonts/symbols/msam10.pfb>
Output written on Thesis_draft.pdf (86 pages, 43219227 bytes).
PDF statistics:
 359 PDF objects out of 1000 (max. 8388607)
 0 named destinations out of 1000 (max. 500000)
 61 words of extra memory for PDF output out of 10000 (max. 10000000)

